<?xml version="1.0" encoding="UTF-8"?>
<testsuite name="com.studentapp.cucumber.CucumberRunner" time="0.017" tests="1" errors="1" skipped="0" failures="0">
  <properties>
[...]
</properties>
  <testcase name="initializationError" classname="com.studentapp.cucumber.CucumberRunner" time="0.017">
    <error message="Unknown option: --tag" type="cucumber.runtime.CucumberException"><![CDATA[cucumber.runtime.CucumberException: Unknown option: --tag
	at cucumber.runtime.RuntimeOptions.parse(RuntimeOptions.java:148)
	at cucumber.runtime.RuntimeOptions.<init>(RuntimeOptions.java:89)
	at cucumber.runtime.RuntimeOptions.<init>(RuntimeOptions.java:78)
	at cucumber.runtime.RuntimeOptions.<init>(RuntimeOptions.java:70)
	at cucumber.runtime.RuntimeOptionsFactory.create(RuntimeOptionsFactory.java:25)
	at cucumber.api.junit.Cucumber.<init>(Cucumber.java:55)
	at net.serenitybdd.cucumber.CucumberWithSerenity.<init>(CucumberWithSerenity.java:26)
	at sun.reflect.NativeConstructorAccessorImpl.newInstance0(Native Method)
	at sun.reflect.NativeConstructorAccessorImpl.newInstance(NativeConstructorAccessorImpl.java:62)
	at sun.reflect.DelegatingConstructorAccessorImpl.newInstance(DelegatingConstructorAccessorImpl.java:45)
	at java.lang.reflect.Constructor.newInstance(Constructor.java:423)
	at org.junit.internal.builders.AnnotatedBuilder.buildRunner(AnnotatedBuilder.java:104)
	at org.junit.internal.builders.AnnotatedBuilder.runnerForClass(AnnotatedBuilder.java:86)
	at org.junit.runners.model.RunnerBuilder.safeRunnerForClass(RunnerBuilder.java:59)
	at org.junit.internal.builders.AllDefaultPossibilitiesBuilder.runnerForClass(AllDefaultPossibilitiesBuilder.java:26)
	at org.junit.runners.model.RunnerBuilder.safeRunnerForClass(RunnerBuilder.java:59)
	at org.junit.internal.requests.ClassRequest.getRunner(ClassRequest.java:33)
	at org.apache.maven.surefire.junit4.JUnit4Provider.execute(JUnit4Provider.java:283)
	at org.apache.maven.surefire.junit4.JUnit4Provider.executeWithRerun(JUnit4Provider.java:173)
	at org.apache.maven.surefire.junit4.JUnit4Provider.executeTestSet(JUnit4Provider.java:153)
	at org.apache.maven.surefire.junit4.JUnit4Provider.invoke(JUnit4Provider.java:128)
	at org.apache.maven.surefire.booter.ForkedBooter.invokeProviderInSameClassLoader(ForkedBooter.java:203)
	at org.apache.maven.surefire.booter.ForkedBooter.runSuitesInProcess(ForkedBooter.java:155)
	at org.apache.maven.surefire.booter.ForkedBooter.main(ForkedBooter.java:103)
]]></error>
    <system-out><![CDATA[Usage: java cucumber.api.cli.Main [options] [[[FILE|DIR][:LINE[:LINE]*] ]+ | @FILE ]

Options:

  -g, --glue PATH                        Where glue code (step definitions, hooks
                                         and plugins) are loaded from.
  -p, --[add-]plugin PLUGIN[:PATH_OR_URL]
                                         Register a plugin.
                                         Built-in formatter PLUGIN types: junit,
                                         html, pretty, progress, json, usage, rerun,
                                         testng. Built-in summary PLUGIN types:
                                         default_summary, null_summary. PLUGIN can
                                         also be a fully qualified class name, allowing
                                         registration of 3rd party plugins.
                                         --add-plugin does not clobber plugins of that 
                                         type defined from a different source.
  -f, --format FORMAT[:PATH_OR_URL]      Deprecated. Use --plugin instead.
  -t, --tags TAG_EXPRESSION              Only run scenarios tagged with tags matching
                                         TAG_EXPRESSION.
  -n, --name REGEXP                      Only run scenarios whose names match REGEXP.
  -d, --[no-]-dry-run                    Skip execution of glue code.
  -m, --[no-]-monochrome                 Don't colour terminal output.
  -s, --[no-]-strict                     Treat undefined and pending steps as errors.
      --snippets [underscore|camelcase]  Naming convention for generated snippets.
                                         Defaults to underscore.
  -v, --version                          Print version.
  -h, --help                             You're looking at it.
  --i18n LANG                            List keywords for in a particular language
                                         Run with "--i18n help" to see all languages
  --junit,OPTION[,OPTION]*               Pass the OPTION(s) to the JUnit module.
                                         Use --junit,-h or --junit,--help to print the
                                         options of the JUnit module.

Feature path examples:
  <path>                                 Load the files with the extension ".feature"
                                         for the directory <path>
                                         and its sub directories.
  <path>/<name>.feature                  Load the feature file <path>/<name>.feature
                                         from the file system.
  classpath:<path>/<name>.feature        Load the feature file <path>/<name>.feature
                                         from the classpath.
  <path>/<name>.feature:3:9              Load the scenarios on line 3 and line 9 in
                                         the file <path>/<name>.feature.
  @<path>/<file>                         Parse <path>/<file> for feature paths generated
                                         by the rerun formatter.

Usage: java cucumber.api.cli.Main [options] [[[FILE|DIR][:LINE[:LINE]*] ]+ | @FILE ]

Options:

  -g, --glue PATH                        Where glue code (step definitions, hooks
                                         and plugins) are loaded from.
  -p, --[add-]plugin PLUGIN[:PATH_OR_URL]
                                         Register a plugin.
                                         Built-in formatter PLUGIN types: junit,
                                         html, pretty, progress, json, usage, rerun,
                                         testng. Built-in summary PLUGIN types:
                                         default_summary, null_summary. PLUGIN can
                                         also be a fully qualified class name, allowing
                                         registration of 3rd party plugins.
                                         --add-plugin does not clobber plugins of that 
                                         type defined from a different source.
  -f, --format FORMAT[:PATH_OR_URL]      Deprecated. Use --plugin instead.
  -t, --tags TAG_EXPRESSION              Only run scenarios tagged with tags matching
                                         TAG_EXPRESSION.
  -n, --name REGEXP                      Only run scenarios whose names match REGEXP.
  -d, --[no-]-dry-run                    Skip execution of glue code.
  -m, --[no-]-monochrome                 Don't colour terminal output.
  -s, --[no-]-strict                     Treat undefined and pending steps as errors.
      --snippets [underscore|camelcase]  Naming convention for generated snippets.
                                         Defaults to underscore.
  -v, --version                          Print version.
  -h, --help                             You're looking at it.
  --i18n LANG                            List keywords for in a particular language
                                         Run with "--i18n help" to see all languages
  --junit,OPTION[,OPTION]*               Pass the OPTION(s) to the JUnit module.
                                         Use --junit,-h or --junit,--help to print the
                                         options of the JUnit module.

Feature path examples:
  <path>                                 Load the files with the extension ".feature"
                                         for the directory <path>
                                         and its sub directories.
  <path>/<name>.feature                  Load the feature file <path>/<name>.feature
                                         from the file system.
  classpath:<path>/<name>.feature        Load the feature file <path>/<name>.feature
                                         from the classpath.
  <path>/<name>.feature:3:9              Load the scenarios on line 3 and line 9 in
                                         the file <path>/<name>.feature.
  @<path>/<file>                         Parse <path>/<file> for feature paths generated
                                         by the rerun formatter.

]]></system-out>
  </testcase>
</testsuite>