<?xml version="1.0" encoding="UTF-8"?><testsuite errors="0" failures="0" name="com.studentapp.studentinfo.StudentCURDTestWithSteps" skipped="0" tests="4" time="10.7" timestamp="2022-10-02T15:37:20.954+01:00[Europe/London]"><testcase classname="com.studentapp.studentinfo.StudentCURDTestWithSteps" name="This will create a new student"/><testcase classname="com.studentapp.studentinfo.StudentCURDTestWithSteps" name="verify if student is created"/><testcase classname="com.studentapp.studentinfo.StudentCURDTestWithSteps" name="update the user information"/><testcase classname="com.studentapp.studentinfo.StudentCURDTestWithSteps" name="Delete student info by StudentID and verify its deleted"/></testsuite>