<?xml version="1.0" encoding="UTF-8"?><testsuite errors="1" failures="1" name="com.studentapp.studentinfo.FirstSerenityTest" skipped="3" tests="7" time="5.06" timestamp="2022-10-02T13:43:49.421+01:00[Europe/London]"><testcase classname="com.studentapp.studentinfo.FirstSerenityTest" name="This is will get all information of all students"/><testcase classname="com.studentapp.studentinfo.FirstSerenityTest" name="Manual"><skipped/></testcase><testcase classname="com.studentapp.studentinfo.FirstSerenityTest" name="This is compromised"><error message="E:\file.txt (The system cannot find the path specified)" type="java.io.FileNotFoundException">E:\file.txt (The system cannot find the path specified)</error><system-err>E:\file.txt (The system cannot find the path specified)&#13;
com.studentapp.studentinfo.FirstSerenityTest.thisIsCompromised(FirstSerenityTest.java:77)&#13;
</system-err></testcase><testcase classname="com.studentapp.studentinfo.FirstSerenityTest" name="This is skipped"><skipped/></testcase><testcase classname="com.studentapp.studentinfo.FirstSerenityTest" name="This is pending"><skipped/></testcase><testcase classname="com.studentapp.studentinfo.FirstSerenityTest" name="Get all students"/><testcase classname="com.studentapp.studentinfo.FirstSerenityTest" name="This is failing test"><failure message="1 expectation failed.&#10;Expected status code &lt;201&gt; but was &lt;200&gt;.&#10;" type="java.lang.AssertionError">1 expectation failed.
Expected status code &lt;201&gt; but was &lt;200&gt;.
</failure><system-err>1 expectation failed.
Expected status code &lt;201&gt; but was &lt;200&gt;.
&#13;
io.restassured.internal.ResponseSpecificationImpl.validateResponseIfRequired(ResponseSpecificationImpl.groovy:636)&#13;
io.restassured.internal.ResponseSpecificationImpl.statusCode(ResponseSpecificationImpl.groovy:122)&#13;
io.restassured.internal.ResponseSpecificationImpl.statusCode(ResponseSpecificationImpl.groovy:130)&#13;
io.restassured.internal.ValidatableResponseOptionsImpl.statusCode(ValidatableResponseOptionsImpl.java:117)&#13;
com.studentapp.studentinfo.FirstSerenityTest.thisIsFailingTest(FirstSerenityTest.java:43)&#13;
</system-err></testcase></testsuite>